<?xml version="1.0" encoding="UTF-8"?>
<!-- Generated by org.testng.reporters.JUnitXMLReporter -->
<testsuite ignored="3" hostname="DESKTOP-QS1767H" failures="1" tests="2" name="Default test" time="3.688" errors="0" timestamp="2024-05-01T18:15:32 IST">
  <testcase classname="testCases.PetStorePetTestCase" name="testFindByPetID" time="0.795">
    <failure type="java.lang.NullPointerException" message="Cannot invoke &amp;quot;petPayLoad.Pet.getId()&amp;quot; because &amp;quot;endpoints.PetStorePetEndPoints.p&amp;quot; is null">
      <![CDATA[java.lang.NullPointerException: Cannot invoke "petPayLoad.Pet.getId()" because "endpoints.PetStorePetEndPoints.p" is null
at endpoints.PetStorePetEndPoints.findByPetID(PetStorePetEndPoints.java:86)
at testCases.PetStorePetTestCase.testFindByPetID(PetStorePetTestCase.java:47)
at java.base/jdk.internal.reflect.NativeMethodAccessorImpl.invoke0(Native Method)
at java.base/jdk.internal.reflect.NativeMethodAccessorImpl.invoke(NativeMethodAccessorImpl.java:77)
at java.base/jdk.internal.reflect.DelegatingMethodAccessorImpl.invoke(DelegatingMethodAccessorImpl.java:43)
at java.base/java.lang.reflect.Method.invoke(Method.java:568)
at org.testng.internal.invokers.MethodInvocationHelper.invokeMethod(MethodInvocationHelper.java:139)
at org.testng.internal.invokers.TestInvoker.invokeMethod(TestInvoker.java:664)
at org.testng.internal.invokers.TestInvoker.invokeTestMethod(TestInvoker.java:227)
at org.testng.internal.invokers.MethodRunner.runInSequence(MethodRunner.java:50)
at org.testng.internal.invokers.TestInvoker$MethodInvocationAgent.invoke(TestInvoker.java:957)
at org.testng.internal.invokers.TestInvoker.invokeTestMethods(TestInvoker.java:200)
at org.testng.internal.invokers.TestMethodWorker.invokeTestMethods(TestMethodWorker.java:148)
at org.testng.internal.invokers.TestMethodWorker.run(TestMethodWorker.java:128)
at java.base/java.util.ArrayList.forEach(ArrayList.java:1511)
at org.testng.TestRunner.privateRun(TestRunner.java:848)
at org.testng.TestRunner.run(TestRunner.java:621)
at org.testng.SuiteRunner.runTest(SuiteRunner.java:443)
at org.testng.SuiteRunner.runSequentially(SuiteRunner.java:437)
at org.testng.SuiteRunner.privateRun(SuiteRunner.java:397)
at org.testng.SuiteRunner.run(SuiteRunner.java:336)
at org.testng.SuiteRunnerWorker.runSuite(SuiteRunnerWorker.java:52)
at org.testng.SuiteRunnerWorker.run(SuiteRunnerWorker.java:95)
at org.testng.TestNG.runSuitesSequentially(TestNG.java:1280)
at org.testng.TestNG.runSuitesLocally(TestNG.java:1200)
at org.testng.TestNG.runSuites(TestNG.java:1114)
at org.testng.TestNG.run(TestNG.java:1082)
at org.testng.remote.AbstractRemoteTestNG.run(AbstractRemoteTestNG.java:115)
at org.testng.remote.RemoteTestNG.initAndRun(RemoteTestNG.java:251)
at org.testng.remote.RemoteTestNG.main(RemoteTestNG.java:77)
]]>
    </failure>
  </testcase> <!-- testFindByPetID -->
  <testcase classname="testCases.PetStorePetTestCase" name="testupdatePetUsingPetId" time="2.829"/>
  <testcase classname="testCases.PetStorePetTestCase" name="TestUpdatePet" time="0.0">
    <ignored/>
  </testcase> <!-- TestUpdatePet -->
  <testcase classname="testCases.PetStorePetTestCase" name="TestNewPet" time="0.0">
    <ignored/>
  </testcase> <!-- TestNewPet -->
  <testcase classname="testCases.PetStorePetTestCase" name="TestGetStatus" time="0.0">
    <ignored/>
  </testcase> <!-- TestGetStatus -->
</testsuite> <!-- Default test -->
