<?xml version="1.0" encoding="UTF-8"?>
<!-- Generated by org.testng.reporters.JUnitXMLReporter -->
<testsuite ignored="4" hostname="DESKTOP-QS1767H" failures="1" tests="1" name="Test(failed)(failed)" time="1.569" errors="0" timestamp="2024-05-01T18:17:59 IST">
  <testcase classname="testCases.PetStorePetTestCase" name="testFindByPetID" time="1.023">
    <failure type="java.lang.NullPointerException" message="Cannot invoke &amp;quot;petPayLoad.Pet.getId()&amp;quot; because &amp;quot;endpoints.PetStorePetEndPoints.p&amp;quot; is null">
      <![CDATA[java.lang.NullPointerException: Cannot invoke "petPayLoad.Pet.getId()" because "endpoints.PetStorePetEndPoints.p" is null
at endpoints.PetStorePetEndPoints.findByPetID(PetStorePetEndPoints.java:86)
at testCases.PetStorePetTestCase.testFindByPetID(PetStorePetTestCase.java:47)
at java.base/java.util.ArrayList.forEach(ArrayList.java:1511)
at java.base/java.util.concurrent.FutureTask.run(FutureTask.java:264)
at java.base/java.util.concurrent.ThreadPoolExecutor.runWorker(ThreadPoolExecutor.java:1136)
at java.base/java.util.concurrent.ThreadPoolExecutor$Worker.run(ThreadPoolExecutor.java:635)
at java.base/java.lang.Thread.run(Thread.java:833)
... Removed 17 stack frames]]>
    </failure>
  </testcase> <!-- testFindByPetID -->
  <testcase classname="testCases.PetStorePetTestCase" name="testupdatePetUsingPetId" time="0.0">
    <ignored/>
  </testcase> <!-- testupdatePetUsingPetId -->
  <testcase classname="testCases.PetStorePetTestCase" name="TestGetStatus" time="0.0">
    <ignored/>
  </testcase> <!-- TestGetStatus -->
  <testcase classname="testCases.PetStorePetTestCase" name="TestUpdatePet" time="0.0">
    <ignored/>
  </testcase> <!-- TestUpdatePet -->
  <testcase classname="testCases.PetStorePetTestCase" name="TestNewPet" time="0.0">
    <ignored/>
  </testcase> <!-- TestNewPet -->
</testsuite> <!-- Test(failed)(failed) -->
