<?xml version="1.0" encoding="UTF-8"?>
<!-- Generated by org.testng.reporters.JUnitXMLReporter -->
<testsuite ignored="7" hostname="DESKTOP-QS1767H" failures="1" tests="17" name="Test" time="21.984" errors="0" timestamp="2024-05-01T18:16:14 IST">
  <testcase classname="testCases.OrderTestCases" name="TestplaceOrder" time="4.67"/>
  <testcase classname="testCases.PetStoreUserTestCase" name="testCreateUser" time="1.088"/>
  <testcase classname="testCases.PetStoreUserTestCase" name="testCreateWithArray" time="1.092"/>
  <testcase classname="testCases.PetStoreUserTestCase" name="testCreateWithList" time="1.098"/>
  <testcase classname="testCases.PetStoreUserTestCase" name="testGetUser" time="2.485"/>
  <testcase classname="testCases.PetStoreUserTestCase" name="testGetUserName" time="1.09"/>
  <testcase classname="testCases.PetStoreUserTestCase" name="testupdateUser" time="2.169"/>
  <testcase classname="testCases.AccountTestCases" name="validateAuthorizeUser" time="0.648"/>
  <testcase classname="testCases.UserTestCases" name="TestPostBooks" time="0.64"/>
  <testcase classname="testCases.OrderTestCases" name="TestgetOrder" time="1.082"/>
  <testcase classname="testCases.AccountTestCases" name="validateGenerateToken" time="0.961"/>
  <testcase classname="testCases.AccountTestCases" name="validateCreatedUserID" time="0.607"/>
  <testcase classname="testCases.UserTestCases" name="TestGetUserBook" time="1.165"/>
  <testcase classname="testCases.UserTestCases" name="TestGetUserBook" time="0.529"/>
  <testcase classname="testCases.PetStorePetTestCase" name="testFindByPetID" time="0.011">
    <failure type="java.lang.NullPointerException" message="Cannot invoke &amp;quot;petPayLoad.Pet.getId()&amp;quot; because &amp;quot;endpoints.PetStorePetEndPoints.p&amp;quot; is null">
      <![CDATA[java.lang.NullPointerException: Cannot invoke "petPayLoad.Pet.getId()" because "endpoints.PetStorePetEndPoints.p" is null
at endpoints.PetStorePetEndPoints.findByPetID(PetStorePetEndPoints.java:86)
at testCases.PetStorePetTestCase.testFindByPetID(PetStorePetTestCase.java:47)
at java.base/java.util.ArrayList.forEach(ArrayList.java:1511)
at java.base/java.util.concurrent.FutureTask.run(FutureTask.java:264)
at java.base/java.util.concurrent.ThreadPoolExecutor.runWorker(ThreadPoolExecutor.java:1136)
at java.base/java.util.concurrent.ThreadPoolExecutor$Worker.run(ThreadPoolExecutor.java:635)
at java.base/java.lang.Thread.run(Thread.java:833)
... Removed 17 stack frames]]>
    </failure>
  </testcase> <!-- testFindByPetID -->
  <testcase classname="testCases.UserTestCases" name="TestDeleteBook" time="0.772"/>
  <testcase classname="testCases.PetStorePetTestCase" name="testupdatePetUsingPetId" time="1.089"/>
  <testcase classname="testCases.AccountTestCases" name="validateDeleteUserId" time="0.0">
    <ignored/>
  </testcase> <!-- validateDeleteUserId -->
  <testcase classname="testCases.UserTestCases" name="TestUserBooks" time="0.0">
    <ignored/>
  </testcase> <!-- TestUserBooks -->
  <testcase classname="testCases.PetStorePetTestCase" name="TestUpdatePet" time="0.0">
    <ignored/>
  </testcase> <!-- TestUpdatePet -->
  <testcase classname="testCases.PetStorePetTestCase" name="TestGetStatus" time="0.0">
    <ignored/>
  </testcase> <!-- TestGetStatus -->
  <testcase classname="testCases.UserTestCases" name="TestDeleteBooks" time="0.0">
    <ignored/>
  </testcase> <!-- TestDeleteBooks -->
  <testcase classname="testCases.PetStorePetTestCase" name="TestNewPet" time="0.0">
    <ignored/>
  </testcase> <!-- TestNewPet -->
  <testcase classname="testCases.AccountTestCases" name="validateCreatedUser" time="0.0">
    <ignored/>
  </testcase> <!-- validateCreatedUser -->
</testsuite> <!-- Test -->
