<?xml version="1.0" encoding="UTF-8"?>
<testng-results ignored="0" total="5" passed="5" failed="0" skipped="0">
  <reporter-output>
  </reporter-output>
  <suite started-at="2024-05-01T18:18:13 IST" name="Failed suite [Failed suite [Failed suite [Suite]]]" finished-at="2024-05-01T18:18:22 IST" duration-ms="9325">
    <groups>
    </groups>
    <test started-at="2024-05-01T18:18:13 IST" name="Test(failed)(failed)(failed)" finished-at="2024-05-01T18:18:22 IST" duration-ms="9325">
      <class name="testCases.PetStorePetTestCase">
        <test-method signature="TestNewPet()[pri:0, instance:testCases.PetStorePetTestCase@6fa51cd4]" started-at="2024-05-01T18:18:13 IST" name="TestNewPet" finished-at="2024-05-01T18:18:17 IST" duration-ms="3979" status="PASS">
          <reporter-output>
          </reporter-output>
        </test-method> <!-- TestNewPet -->
        <test-method signature="TestUpdatePet()[pri:1, instance:testCases.PetStorePetTestCase@6fa51cd4]" started-at="2024-05-01T18:18:18 IST" name="TestUpdatePet" finished-at="2024-05-01T18:18:19 IST" duration-ms="1114" status="PASS">
          <reporter-output>
          </reporter-output>
        </test-method> <!-- TestUpdatePet -->
        <test-method signature="TestGetStatus()[pri:2, instance:testCases.PetStorePetTestCase@6fa51cd4]" started-at="2024-05-01T18:18:19 IST" name="TestGetStatus" finished-at="2024-05-01T18:18:20 IST" duration-ms="1119" status="PASS">
          <reporter-output>
          </reporter-output>
        </test-method> <!-- TestGetStatus -->
        <test-method signature="testFindByPetID()[pri:3, instance:testCases.PetStorePetTestCase@6fa51cd4]" started-at="2024-05-01T18:18:20 IST" name="testFindByPetID" finished-at="2024-05-01T18:18:21 IST" duration-ms="1123" status="PASS">
          <reporter-output>
          </reporter-output>
        </test-method> <!-- testFindByPetID -->
        <test-method signature="testupdatePetUsingPetId()[pri:4, instance:testCases.PetStorePetTestCase@6fa51cd4]" started-at="2024-05-01T18:18:21 IST" name="testupdatePetUsingPetId" finished-at="2024-05-01T18:18:22 IST" duration-ms="1100" status="PASS">
          <reporter-output>
          </reporter-output>
        </test-method> <!-- testupdatePetUsingPetId -->
      </class> <!-- testCases.PetStorePetTestCase -->
    </test> <!-- Test(failed)(failed)(failed) -->
  </suite> <!-- Failed suite [Failed suite [Failed suite [Suite]]] -->
</testng-results>
