<?xml version="1.0" encoding="UTF-8"?>
<!-- Generated by org.testng.reporters.JUnitXMLReporter -->
<testsuite ignored="0" hostname="DESKTOP-QS1767H" failures="0" tests="5" name="Test(failed)(failed)(failed)" time="9.325" errors="0" timestamp="2024-05-01T18:18:22 IST">
  <testcase classname="testCases.PetStorePetTestCase" name="TestNewPet" time="3.979"/>
  <testcase classname="testCases.PetStorePetTestCase" name="TestUpdatePet" time="1.114"/>
  <testcase classname="testCases.PetStorePetTestCase" name="TestGetStatus" time="1.119"/>
  <testcase classname="testCases.PetStorePetTestCase" name="testFindByPetID" time="1.123"/>
  <testcase classname="testCases.PetStorePetTestCase" name="testupdatePetUsingPetId" time="1.1"/>
</testsuite> <!-- Test(failed)(failed)(failed) -->
